TN:
SF:/Users/marcogianni/OVR/Contracts/ovr-stacking-v2/contracts/Greeter.sol
FN:9,constructor
FN:14,greet
FN:18,setGreeting
FNF:3
FNH:3
FNDA:3,constructor
FNDA:2,greet
FNDA:1,setGreeting
DA:10,3
DA:11,3
DA:15,2
DA:19,1
DA:20,1
LF:5
LH:5
BRF:0
BRH:0
end_of_record
TN:
SF:/Users/marcogianni/OVR/Contracts/ovr-stacking-v2/contracts/MyContract.sol
FN:8,constructor
FN:12,changeName
FN:16,getName
FNF:3
FNH:0
FNDA:0,constructor
FNDA:0,changeName
FNDA:0,getName
DA:9,0
DA:13,0
DA:17,0
LF:3
LH:0
BRF:0
BRH:0
end_of_record
